  Kaynak.cpp
C:\Users\bahar\OneDrive\Masaüstü\220401109-Finalödevi-GökçenDenizalp\Game\Kaynak.cpp(66,16): warning C4244: 'initializing': conversion from 'double' to 'float', possible loss of data
C:\Users\bahar\OneDrive\Masaüstü\220401109-Finalödevi-GökçenDenizalp\Game\Kaynak.cpp(67,15): warning C4244: 'initializing': conversion from 'double' to 'float', possible loss of data
C:\Users\bahar\OneDrive\Masaüstü\220401109-Finalödevi-GökçenDenizalp\Game\Kaynak.cpp(68,15): warning C4244: 'initializing': conversion from 'double' to 'float', possible loss of data
C:\Users\bahar\OneDrive\Masaüstü\220401109-Finalödevi-GökçenDenizalp\Game\Kaynak.cpp(206,16): warning C4244: 'initializing': conversion from 'double' to 'float', possible loss of data
C:\Users\bahar\OneDrive\Masaüstü\220401109-Finalödevi-GökçenDenizalp\Game\Kaynak.cpp(207,15): warning C4244: 'initializing': conversion from 'double' to 'float', possible loss of data
C:\Users\bahar\OneDrive\Masaüstü\220401109-Finalödevi-GökçenDenizalp\Game\Kaynak.cpp(208,15): warning C4244: 'initializing': conversion from 'double' to 'float', possible loss of data
C:\Users\bahar\OneDrive\Masaüstü\220401109-Finalödevi-GökçenDenizalp\Game\Kaynak.cpp(260,18): warning C4305: 'argument': truncation from 'double' to 'GLfloat'
C:\Users\bahar\OneDrive\Masaüstü\220401109-Finalödevi-GökçenDenizalp\Game\Kaynak.cpp(260,12): warning C4305: 'argument': truncation from 'double' to 'GLfloat'
C:\Program Files\Microsoft Visual Studio\2022\Community\VC\Tools\MSVC\14.37.32822\include\xutility(254,82): warning C4244: 'argument': conversion from '_Ty' to 'float', possible loss of data
          with
          [
              _Ty=int
          ]
C:\Program Files\Microsoft Visual Studio\2022\Community\VC\Tools\MSVC\14.37.32822\include\memory(2104,18): message : see reference to function template instantiation 'void std::_Construct_in_place<_Ty,int,int,int,int>(_Ty &,int &&,int &&,int &&,int &&) noexcept(false)' being compiled
          with
          [
              _Ty=Player
          ]
C:\Program Files\Microsoft Visual Studio\2022\Community\VC\Tools\MSVC\14.37.32822\include\memory(2779,46): message : see reference to function template instantiation 'std::_Ref_count_obj2<Player>::_Ref_count_obj2<_Ty,_Ty,_Ty,_Ty>(_Ty &&,_Ty &&,_Ty &&,_Ty &&)' being compiled
          with
          [
              _Ty=int
          ]
C:\Users\bahar\OneDrive\Masaüstü\220401109-Finalödevi-GökçenDenizalp\Game\Kaynak.cpp(334,12): message : see reference to function template instantiation 'std::shared_ptr<Player> std::make_shared<Player,int,int,int,int>(int &&,int &&,int &&,int &&)' being compiled
C:\Program Files\Microsoft Visual Studio\2022\Community\VC\Tools\MSVC\14.37.32822\include\xutility(254,82): warning C4244: 'argument': conversion from '_Ty' to 'float', possible loss of data
          with
          [
              _Ty=double
          ]
  Game.vcxproj -> C:\Users\bahar\OneDrive\Masaüstü\220401109-Finalödevi-GökçenDenizalp\Game\x64\Debug\Game.exe
